<?xml version="1.0" encoding="UTF-8"?>
<!-- Generated by org.testng.reporters.JUnitReportReporter -->
<testsuite hostname="INBOOK_X1_SLIM" failures="0" tests="2" name="Practice_Package.TestClass" time="0.011" errors="0" timestamp="2023-03-29T10:01:24 IST" skipped="0">
  <testcase classname="Practice_Package.TestClass" name="main" time="0.008"/>
  <system-out/>
  <testcase classname="Practice_Package.TestClass" name="main" time="0.003"/>
  <system-out/>
</testsuite> <!-- Practice_Package.TestClass -->
