<?xml version="1.0" encoding="UTF-8"?>
<!-- Generated by org.testng.reporters.JUnitReportReporter -->
<testsuite hostname="INBOOK_X1_SLIM" failures="0" tests="4" name="Practice_Package.Excel_Test" time="0.011" errors="0" timestamp="2023-03-24T10:55:17 IST" skipped="0">
  <testcase classname="Practice_Package.Excel_Test" name="demo" time="0.003"/>
  <system-out/>
  <testcase classname="Practice_Package.Excel_Test" name="demo" time="0.001"/>
  <system-out/>
  <testcase classname="Practice_Package.Excel_Test" name="demo" time="0.006"/>
  <system-out/>
  <testcase classname="Practice_Package.Excel_Test" name="demo" time="0.001"/>
  <system-out/>
</testsuite> <!-- Practice_Package.Excel_Test -->
