<?xml version="1.0" encoding="UTF-8"?>
<!-- Generated by org.testng.reporters.JUnitReportReporter -->
<testsuite hostname="INBOOK_X1_SLIM" failures="0" tests="1" name="Practice_Package.Practi" time="0.235" errors="0" timestamp="2023-03-29T16:13:05 IST" skipped="0">
  <testcase classname="Practice_Package.Practi" name="main" time="0.235"/>
  <system-out/>
</testsuite> <!-- Practice_Package.Practi -->
