<?xml version="1.0" encoding="UTF-8"?>
<!-- Generated by org.testng.reporters.JUnitReportReporter -->
<testsuite hostname="INBOOK_X1_SLIM" failures="0" tests="4" name="Practice_Package.Show1" time="0.013" errors="0" timestamp="2023-03-30T05:16:53 IST" skipped="0">
  <testcase classname="Practice_Package.Show1" name="data" time="0.001"/>
  <system-out/>
  <testcase classname="Practice_Package.Show1" name="data" time="0.007"/>
  <system-out/>
  <testcase classname="Practice_Package.Show1" name="data" time="0.003"/>
  <system-out/>
  <testcase classname="Practice_Package.Show1" name="data" time="0.002"/>
  <system-out/>
</testsuite> <!-- Practice_Package.Show1 -->
