<?xml version="1.0" encoding="UTF-8"?>
<!-- Generated by org.testng.reporters.JUnitReportReporter -->
<testsuite hostname="INBOOK_X1_SLIM" failures="0" tests="1" name="Practice_Package.Rmgyantra" time="4.502" errors="0" timestamp="2023-03-16T13:03:47 IST" skipped="0">
  <testcase classname="Practice_Package.Rmgyantra" name="rmgYantra" time="4.502"/>
  <system-out/>
</testsuite> <!-- Practice_Package.Rmgyantra -->
