<?xml version="1.0" encoding="UTF-8"?>
<!-- Generated by org.testng.reporters.JUnitReportReporter -->
<testsuite hostname="INBOOK_X1_SLIM" failures="0" tests="1" name="RegisterModule.RegisterAnInduvidualHomeAndSendAnSmsToTheUser" time="12.170" errors="0" timestamp="2023-03-17T08:54:57 IST" skipped="0">
  <testcase classname="RegisterModule.RegisterAnInduvidualHomeAndSendAnSmsToTheUser" name="sendSms" time="12.170"/>
  <system-out/>
</testsuite> <!-- RegisterModule.RegisterAnInduvidualHomeAndSendAnSmsToTheUser -->
