<?xml version="1.0" encoding="UTF-8"?>
<!-- Generated by org.testng.reporters.JUnitReportReporter -->
<testsuite hostname="INBOOK_X1_SLIM" failures="0" tests="2" name="Practice_Package.Practice4" time="0.007" errors="0" timestamp="2023-03-27T05:51:36 IST" skipped="0">
  <testcase classname="Practice_Package.Practice4" name="getdata" time="0.006"/>
  <system-out/>
  <testcase classname="Practice_Package.Practice4" name="getdata" time="0.001"/>
  <system-out/>
</testsuite> <!-- Practice_Package.Practice4 -->
