<?xml version="1.0" encoding="UTF-8"?>
<!-- Generated by org.testng.reporters.JUnitReportReporter -->
<testsuite hostname="INBOOK_X1_SLIM" failures="0" tests="1" name="ComplainListModule.CreateAComplain" time="8.266" errors="0" timestamp="2023-03-15T11:08:15 IST" skipped="0">
  <testcase classname="ComplainListModule.CreateAComplain" name="createComplain" time="8.266"/>
  <system-out/>
</testsuite> <!-- ComplainListModule.CreateAComplain -->
