<?xml version="1.0" encoding="UTF-8"?>
<!-- Generated by org.testng.reporters.JUnitReportReporter -->
<testsuite hostname="INBOOK_X1_SLIM" failures="0" tests="1" name="RegisterModule.TestScript3" time="4.341" errors="0" timestamp="2023-03-17T17:10:02 IST" skipped="0">
  <testcase classname="RegisterModule.TestScript3" name="UserRegister" time="4.341"/>
  <system-out/>
</testsuite> <!-- RegisterModule.TestScript3 -->
