<?xml version="1.0" encoding="UTF-8"?>
<!-- Generated by org.testng.reporters.JUnitReportReporter -->
<testsuite hostname="INBOOK_X1_SLIM" failures="0" tests="1" name="TestScript.Script5" time="5.191" errors="0" timestamp="2023-04-07T09:15:01 IST" skipped="0">
  <testcase classname="TestScript.Script5" name="script5" time="5.191"/>
  <system-out/>
</testsuite> <!-- TestScript.Script5 -->
