<?xml version="1.0" encoding="UTF-8"?>
<!-- Generated by org.testng.reporters.JUnitReportReporter -->
<testsuite hostname="INBOOK_X1_SLIM" failures="0" tests="1" name="Practice_Package.MakeMyTrip" time="27.576" errors="0" timestamp="2023-03-26T12:42:12 IST" skipped="0">
  <testcase classname="Practice_Package.MakeMyTrip" name="makeMyTrip" time="27.576"/>
  <system-out/>
</testsuite> <!-- Practice_Package.MakeMyTrip -->
