<?xml version="1.0" encoding="UTF-8"?>
<!-- Generated by org.testng.reporters.JUnitReportReporter -->
<testsuite hostname="INBOOK_X1_SLIM" failures="0" tests="1" name="RegisterModule.ApartmentRegistration" time="9.265" errors="0" timestamp="2023-03-14T17:20:50 IST" skipped="0">
  <testcase classname="RegisterModule.ApartmentRegistration" name="apartmentRegistration" time="9.265"/>
  <system-out/>
</testsuite> <!-- RegisterModule.ApartmentRegistration -->
