<?xml version="1.0" encoding="UTF-8"?>
<!-- Generated by org.testng.reporters.JUnitReportReporter -->
<testsuite hostname="INBOOK_X1_SLIM" failures="0" tests="1" name="Practice_Package.Yatra" time="14.901" errors="0" timestamp="2023-03-22T21:34:06 IST" skipped="0">
  <testcase classname="Practice_Package.Yatra" name="yatra" time="14.901"/>
  <system-out/>
</testsuite> <!-- Practice_Package.Yatra -->
