<?xml version="1.0" encoding="UTF-8"?>
<!-- Generated by org.testng.reporters.JUnitReportReporter -->
<testsuite hostname="INBOOK_X1_SLIM" failures="0" tests="1" name="Practice_Package.Normal" time="0.355" errors="0" timestamp="2023-04-05T22:53:56 IST" skipped="0">
  <testcase classname="Practice_Package.Normal" name="m1" time="0.355"/>
  <system-out/>
</testsuite> <!-- Practice_Package.Normal -->
