<?xml version="1.0" encoding="UTF-8"?>
<!-- Generated by org.testng.reporters.JUnitReportReporter -->
<testsuite hostname="INBOOK_X1_SLIM" failures="0" tests="4" name="Practice_Package.Practice1" time="0.011" errors="0" timestamp="2023-03-25T22:56:41 IST" skipped="0">
  <testcase classname="Practice_Package.Practice1" name="getdata" time="0.001"/>
  <system-out/>
  <testcase classname="Practice_Package.Practice1" name="getdata" time="0.006"/>
  <system-out/>
  <testcase classname="Practice_Package.Practice1" name="getdata" time="0.003"/>
  <system-out/>
  <testcase classname="Practice_Package.Practice1" name="getdata" time="0.001"/>
  <system-out/>
</testsuite> <!-- Practice_Package.Practice1 -->
