<?xml version="1.0" encoding="UTF-8"?>
<!-- Generated by org.testng.reporters.JUnitReportReporter -->
<testsuite hostname="INBOOK_X1_SLIM" failures="0" tests="1" name="TestScript.Script1" time="4.602" errors="0" timestamp="2023-04-07T09:15:01 IST" skipped="0">
  <testcase classname="TestScript.Script1" name="individualHomeRegistration" time="4.602"/>
  <system-out/>
</testsuite> <!-- TestScript.Script1 -->
