<?xml version="1.0" encoding="UTF-8"?>
<!-- Generated by org.testng.reporters.JUnitReportReporter -->
<testsuite hostname="INBOOK_X1_SLIM" failures="0" tests="1" name="TestScript.Script2" time="3.920" errors="0" timestamp="2023-04-07T09:15:01 IST" skipped="0">
  <testcase classname="TestScript.Script2" name="script2" time="3.920"/>
  <system-out/>
</testsuite> <!-- TestScript.Script2 -->
