<?xml version="1.0" encoding="UTF-8"?>
<!-- Generated by org.testng.reporters.JUnitReportReporter -->
<testsuite hostname="INBOOK_X1_SLIM" failures="0" tests="3" name="Practice_Package.Practice2" time="0.008" errors="0" timestamp="2023-03-24T10:52:23 IST" skipped="0">
  <testcase classname="Practice_Package.Practice2" name="data" time="0.001"/>
  <system-out/>
  <testcase classname="Practice_Package.Practice2" name="data" time="0.001"/>
  <system-out/>
  <testcase classname="Practice_Package.Practice2" name="data" time="0.006"/>
  <system-out/>
</testsuite> <!-- Practice_Package.Practice2 -->
