<?xml version="1.0" encoding="UTF-8"?>
<!-- Generated by org.testng.reporters.JUnitReportReporter -->
<testsuite hostname="INBOOK_X1_SLIM" failures="0" tests="1" name="RegisterModule.TestScript2" time="9.842" errors="0" timestamp="2023-03-17T16:26:13 IST" skipped="0">
  <testcase classname="RegisterModule.TestScript2" name="ApartmentRegistration" time="9.842"/>
  <system-out/>
</testsuite> <!-- RegisterModule.TestScript2 -->
