<?xml version="1.0" encoding="UTF-8"?>
<!-- Generated by org.testng.reporters.JUnitReportReporter -->
<testsuite hostname="INBOOK_X1_SLIM" failures="0" tests="3" name="Practice_Package.Data_Test" time="0.008" errors="0" timestamp="2023-03-29T16:14:31 IST" skipped="0">
  <testcase classname="Practice_Package.Data_Test" name="demo" time="0.002"/>
  <system-out/>
  <testcase classname="Practice_Package.Data_Test" name="demo" time="0.005"/>
  <system-out/>
  <testcase classname="Practice_Package.Data_Test" name="demo" time="0.001"/>
  <system-out/>
</testsuite> <!-- Practice_Package.Data_Test -->
