<?xml version="1.0" encoding="UTF-8"?>
<!-- Generated by org.testng.reporters.JUnitReportReporter -->
<testsuite hostname="INBOOK_X1_SLIM" failures="0" tests="1" name="Practice_Package.hra" time="3.731" errors="0" timestamp="2023-03-28T10:08:37 IST" skipped="0">
  <testcase classname="Practice_Package.hra" name="clickOnEdit" time="3.731"/>
  <system-out/>
</testsuite> <!-- Practice_Package.hra -->
