<?xml version="1.0" encoding="UTF-8"?>
<!-- Generated by org.testng.reporters.JUnitReportReporter -->
<testsuite hostname="INBOOK_X1_SLIM" failures="0" tests="2" name="Practice_Package.DataProvid" time="0.008" errors="0" timestamp="2023-03-23T17:03:37 IST" skipped="0">
  <testcase classname="Practice_Package.DataProvid" name="demo" time="0.001"/>
  <system-out/>
  <testcase classname="Practice_Package.DataProvid" name="demo" time="0.007"/>
  <system-out/>
</testsuite> <!-- Practice_Package.DataProvid -->
