<?xml version="1.0" encoding="UTF-8"?>
<!-- Generated by org.testng.reporters.JUnitReportReporter -->
<testsuite hostname="INBOOK_X1_SLIM" failures="0" tests="2" name="Practice_Package.Test_1" time="12.951" errors="0" timestamp="2023-03-27T15:53:39 IST" skipped="0">
  <testcase classname="Practice_Package.Test_1" name="script1" time="6.223"/>
  <system-out/>
  <testcase classname="Practice_Package.Test_1" name="script2" time="6.728"/>
  <system-out/>
</testsuite> <!-- Practice_Package.Test_1 -->
