<?xml version="1.0" encoding="UTF-8"?>
<!-- Generated by org.testng.reporters.JUnitReportReporter -->
<testsuite hostname="INBOOK_X1_SLIM" failures="0" tests="1" name="RegisterModule.IndividualHomeRegistrattion" time="14.895" errors="0" timestamp="2023-03-16T14:56:31 IST" skipped="0">
  <testcase classname="RegisterModule.IndividualHomeRegistrattion" name="registerPage" time="14.895"/>
  <system-out/>
</testsuite> <!-- RegisterModule.IndividualHomeRegistrattion -->
