<?xml version="1.0" encoding="UTF-8"?>
<!-- Generated by org.testng.reporters.JUnitReportReporter -->
<testsuite hostname="INBOOK_X1_SLIM" failures="0" tests="1" name="DetailsUpdateModule.EditDetails" time="7.937" errors="0" timestamp="2023-03-15T10:06:05 IST" skipped="0">
  <testcase classname="DetailsUpdateModule.EditDetails" name="editDetails" time="7.937"/>
  <system-out/>
</testsuite> <!-- DetailsUpdateModule.EditDetails -->
