<?xml version="1.0" encoding="UTF-8"?>
<!-- Generated by org.testng.reporters.JUnitReportReporter -->
<testsuite hostname="INBOOK_X1_SLIM" failures="0" tests="1" name="Practice_Package.AnnotationTest" time="0.100" errors="0" timestamp="2023-03-23T16:33:12 IST" skipped="0">
  <testcase classname="Practice_Package.AnnotationTest" name="execute" time="0.100"/>
  <system-out/>
</testsuite> <!-- Practice_Package.AnnotationTest -->
