<?xml version="1.0" encoding="UTF-8"?>
<!-- Generated by org.testng.reporters.JUnitReportReporter -->
<testsuite hostname="INBOOK_X1_SLIM" failures="0" tests="4" name="Practice_Package.Show" time="0.009" errors="0" timestamp="2023-03-30T05:13:03 IST" skipped="0">
  <testcase classname="Practice_Package.Show" name="getData" time="0.001"/>
  <system-out/>
  <testcase classname="Practice_Package.Show" name="getData" time="0.004"/>
  <system-out/>
  <testcase classname="Practice_Package.Show" name="getData" time="0.002"/>
  <system-out/>
  <testcase classname="Practice_Package.Show" name="getData" time="0.002"/>
  <system-out/>
</testsuite> <!-- Practice_Package.Show -->
