<?xml version="1.0" encoding="UTF-8"?>
<!-- Generated by org.testng.reporters.JUnitReportReporter -->
<testsuite hostname="INBOOK_X1_SLIM" failures="0" tests="1" name="RegisterModule.UserRegister" time="4.222" errors="0" timestamp="2023-03-17T09:15:13 IST" skipped="0">
  <testcase classname="RegisterModule.UserRegister" name="userRegister" time="4.222"/>
  <system-out/>
</testsuite> <!-- RegisterModule.UserRegister -->
